<?xml version="1.0" encoding="UTF-8"?>
<!-- Generated by org.testng.reporters.JUnitReportReporter -->
<testsuite hostname="kusuma-Inspiron-3576" failures="0" tests="5" name="getAssertions.AssertBody" time="21.128" errors="0" timestamp="2021-05-08T21:46:48 IST" skipped="0">
  <testcase classname="getAssertions.AssertBody" name="BodySupportSection" time="4.981"/>
  <system-out/>
  <testcase classname="getAssertions.AssertBody" name="ParentInfo" time="3.765"/>
  <system-out/>
  <testcase classname="getAssertions.AssertBody" name="listofitmes" time="3.448"/>
  <system-out/>
  <testcase classname="getAssertions.AssertBody" name="vst" time="2.275"/>
  <system-out/>
  <testcase classname="getAssertions.AssertBody" name="SoftAssertParentInfo" time="6.659"/>
  <system-out/>
</testsuite> <!-- getAssertions.AssertBody -->
