<?xml version="1.0" encoding="UTF-8"?>
<!-- Generated by org.testng.reporters.JUnitReportReporter -->
<testsuite hostname="kusuma-Inspiron-3576" failures="0" tests="2" name="getAssertions.Deserlization" time="4.936" errors="0" timestamp="2021-05-09T07:29:59 IST" skipped="0">
  <testcase classname="getAssertions.Deserlization" name="datainfo" time="0.698"/>
  <system-out/>
  <testcase classname="getAssertions.Deserlization" name="Support" time="4.238"/>
  <system-out/>
</testsuite> <!-- getAssertions.Deserlization -->
