<?xml version="1.0" encoding="UTF-8"?>
<!-- Generated by org.testng.reporters.JUnitReportReporter -->
<testsuite hostname="kusuma-Inspiron-3576" failures="0" tests="3" name="PredicateConditions" time="0.014" errors="0" timestamp="2021-05-14T15:46:35 IST" skipped="0">
  <testcase classname="PredicateConditions" name="Negateconditiontes" time="0.003"/>
  <system-out/>
  <testcase classname="PredicateConditions" name="ORconditiontes" time="0.002"/>
  <system-out/>
  <testcase classname="PredicateConditions" name="Andconditiontes" time="0.009"/>
  <system-out/>
</testsuite> <!-- PredicateConditions -->
