<?xml version="1.0" encoding="UTF-8"?>
<!-- Generated by org.testng.reporters.JUnitReportReporter -->
<testsuite hostname="kusuma-Inspiron-3576" failures="0" tests="1" name="BodyAsserts" time="0.007" errors="0" timestamp="2021-05-14T11:43:08 IST" skipped="0">
  <testcase classname="BodyAsserts" name="run" time="0.007"/>
  <system-out/>
</testsuite> <!-- BodyAsserts -->
