<?xml version="1.0" encoding="UTF-8"?>
<!-- Generated by org.testng.reporters.JUnitReportReporter -->
<testsuite hostname="kusuma-Inspiron-3576" failures="0" tests="1" name="SupplierExamples" time="0.009" errors="0" timestamp="2021-05-14T21:32:17 IST" skipped="0">
  <testcase classname="SupplierExamples" name="mist" time="0.009"/>
  <system-out/>
</testsuite> <!-- SupplierExamples -->
