<?xml version="1.0" encoding="UTF-8"?>
<!-- Generated by org.testng.reporters.JUnitReportReporter -->
<testsuite hostname="kusuma-Inspiron-3576" failures="0" tests="1" name="ParameterLamda" time="0.008" errors="0" timestamp="2021-05-14T11:51:50 IST" skipped="0">
  <testcase classname="ParameterLamda" name="ridding" time="0.008"/>
  <system-out/>
</testsuite> <!-- ParameterLamda -->
