<?xml version="1.0" encoding="UTF-8"?>
<!-- Generated by org.testng.reporters.JUnitReportReporter -->
<testsuite hostname="kusuma-Inspiron-3576" failures="0" tests="2" name="Lamda1" time="0.011" errors="0" timestamp="2021-05-14T11:56:42 IST" skipped="0">
  <testcase classname="Lamda1" name="run" time="0.008"/>
  <system-out/>
  <testcase classname="Lamda1" name="run1" time="0.003"/>
  <system-out/>
</testsuite> <!-- Lamda1 -->
