<?xml version="1.0" encoding="UTF-8"?>
<!-- Generated by org.testng.reporters.JUnitReportReporter -->
<testsuite hostname="kusuma-Inspiron-3576" failures="0" tests="1" name="ConsumerExamples" time="0.008" errors="0" timestamp="2021-05-14T21:28:54 IST" skipped="0">
  <testcase classname="ConsumerExamples" name="test" time="0.008"/>
  <system-out/>
</testsuite> <!-- ConsumerExamples -->
