<?xml version="1.0" encoding="UTF-8"?>
<!-- Generated by org.testng.reporters.JUnitReportReporter -->
<testsuite hostname="kusuma-Inspiron-3576" failures="0" tests="2" name="FunctionalExamples" time="0.014" errors="0" timestamp="2021-05-14T21:23:26 IST" skipped="0">
  <testcase classname="FunctionalExamples" name="mist" time="0.012"/>
  <system-out/>
  <testcase classname="FunctionalExamples" name="testmp" time="0.002"/>
  <system-out/>
</testsuite> <!-- FunctionalExamples -->
