<?xml version="1.0" encoding="UTF-8"?>
<!-- Generated by org.testng.reporters.JUnitReportReporter -->
<testsuite hostname="kusuma-Inspiron-3576" failures="0" tests="1" name="getAssertions.BodyAsserts" time="3.625" errors="0" timestamp="2021-05-08T21:24:13 IST" skipped="0">
  <testcase classname="getAssertions.BodyAsserts" name="AssertStatuCode" time="3.625"/>
  <system-out/>
</testsuite> <!-- getAssertions.BodyAsserts -->
