<?xml version="1.0" encoding="UTF-8"?>
<!-- Generated by org.testng.reporters.JUnitReportReporter -->
<testsuite hostname="kusuma-Inspiron-3576" failures="0" tests="1" name="HeaderAsserts" time="0.008" errors="0" timestamp="2021-05-14T15:15:36 IST" skipped="0">
  <testcase classname="HeaderAsserts" name="mulitpleValues" time="0.008"/>
  <system-out/>
</testsuite> <!-- HeaderAsserts -->
