<?xml version="1.0" encoding="UTF-8"?>
<!-- Generated by org.testng.reporters.JUnitReportReporter -->
<testsuite hostname="kusuma-Inspiron-3576" failures="1" tests="2" name="DemoFile" time="4.976" errors="0" timestamp="2021-05-08T21:11:11 IST" skipped="0">
  <testcase classname="DemoFile" name="SoftAssertingHeaders" time="1.399">
    <failure message="3 expectations failed.
Expected header &quot;x-powered-by:&quot; was not &quot;Express&quot;, was &quot;null&quot;. Headers are:
Date=Sat, 08 May 2021 15:41:10 GMT
Content-Type=application/json; charset=utf-8
Transfer-Encoding=chunked
Connection=keep-alive
Set-Cookie=__cfduid=dd87f9388aed5605ea0aea9b34cc280291620488470; expires=Mon, 07-Jun-21 15:41:10 GMT; path=/; domain=.reqres.in; HttpOnly; SameSite=Lax; Secure
x-powered-by=Express
access-control-allow-origin=*
etag=W/&quot;3e4-2RLXvr5wTg9YQ6aH95CkYoFNuO8&quot;
via=1.1 vegur
Cache-Control=max-age=14400
CF-Cache-Status=HIT
Age=2003
cf-request-id=09ee3cd9740000103ff232f000000001
Expect-CT=max-age=604800, report-uri=&quot;https://report-uri.cloudflare.com/cdn-cgi/beacon/expect-ct&quot;
Report-To={&quot;endpoints&quot;:[{&quot;url&quot;:&quot;https:\/\/a.nel.cloudflare.com\/report?s=aKJbSTg%2FtONTTNnGhRM7HiXK4%2F9%2BOVy9wAbSHeokPYL19GgVvLUqBSOkVpDTjK%2FoNiNH7vB%2B4DCv816yzNXZ3ZEbKaGi%2F4rnr3Q%3D&quot;}],&quot;group&quot;:&quot;cf-nel&quot;,&quot;max_age&quot;:604800}
NEL={&quot;report_to&quot;:&quot;cf-nel&quot;,&quot;max_age&quot;:604800}
Vary=Accept-Encoding
Server=cloudflare
CF-RAY=64c3ca6f1e79103f-MRS
Content-Encoding=gzip
alt-svc=h3-27=&quot;:443&quot;; ma=86400, h3-28=&quot;:443&quot;; ma=86400, h3-29=&quot;:443&quot;; ma=86400

Expected header &quot;Age&quot; was not &quot;235&quot;, was &quot;2003&quot;. Headers are:
Date=Sat, 08 May 2021 15:41:10 GMT
Content-Type=application/json; charset=utf-8
Transfer-Encoding=chunked
Connection=keep-alive
Set-Cookie=__cfduid=dd87f9388aed5605ea0aea9b34cc280291620488470; expires=Mon, 07-Jun-21 15:41:10 GMT; path=/; domain=.reqres.in; HttpOnly; SameSite=Lax; Secure
x-powered-by=Express
access-control-allow-origin=*
etag=W/&quot;3e4-2RLXvr5wTg9YQ6aH95CkYoFNuO8&quot;
via=1.1 vegur
Cache-Control=max-age=14400
CF-Cache-Status=HIT
Age=2003
cf-request-id=09ee3cd9740000103ff232f000000001
Expect-CT=max-age=604800, report-uri=&quot;https://report-uri.cloudflare.com/cdn-cgi/beacon/expect-ct&quot;
Report-To={&quot;endpoints&quot;:[{&quot;url&quot;:&quot;https:\/\/a.nel.cloudflare.com\/report?s=aKJbSTg%2FtONTTNnGhRM7HiXK4%2F9%2BOVy9wAbSHeokPYL19GgVvLUqBSOkVpDTjK%2FoNiNH7vB%2B4DCv816yzNXZ3ZEbKaGi%2F4rnr3Q%3D&quot;}],&quot;group&quot;:&quot;cf-nel&quot;,&quot;max_age&quot;:604800}
NEL={&quot;report_to&quot;:&quot;cf-nel&quot;,&quot;max_age&quot;:604800}
Vary=Accept-Encoding
Server=cloudflare
CF-RAY=64c3ca6f1e79103f-MRS
Content-Encoding=gzip
alt-svc=h3-27=&quot;:443&quot;; ma=86400, h3-28=&quot;:443&quot;; ma=86400, h3-29=&quot;:443&quot;; ma=86400

Expected header &quot;CF-RAY&quot; was not &quot;64c39f42ab550fd6-MRS&quot;, was &quot;64c3ca6f1e79103f-MRS&quot;. Headers are:
Date=Sat, 08 May 2021 15:41:10 GMT
Content-Type=application/json; charset=utf-8
Transfer-Encoding=chunked
Connection=keep-alive
Set-Cookie=__cfduid=dd87f9388aed5605ea0aea9b34cc280291620488470; expires=Mon, 07-Jun-21 15:41:10 GMT; path=/; domain=.reqres.in; HttpOnly; SameSite=Lax; Secure
x-powered-by=Express
access-control-allow-origin=*
etag=W/&quot;3e4-2RLXvr5wTg9YQ6aH95CkYoFNuO8&quot;
via=1.1 vegur
Cache-Control=max-age=14400
CF-Cache-Status=HIT
Age=2003
cf-request-id=09ee3cd9740000103ff232f000000001
Expect-CT=max-age=604800, report-uri=&quot;https://report-uri.cloudflare.com/cdn-cgi/beacon/expect-ct&quot;
Report-To={&quot;endpoints&quot;:[{&quot;url&quot;:&quot;https:\/\/a.nel.cloudflare.com\/report?s=aKJbSTg%2FtONTTNnGhRM7HiXK4%2F9%2BOVy9wAbSHeokPYL19GgVvLUqBSOkVpDTjK%2FoNiNH7vB%2B4DCv816yzNXZ3ZEbKaGi%2F4rnr3Q%3D&quot;}],&quot;group&quot;:&quot;cf-nel&quot;,&quot;max_age&quot;:604800}
NEL={&quot;report_to&quot;:&quot;cf-nel&quot;,&quot;max_age&quot;:604800}
Vary=Accept-Encoding
Server=cloudflare
CF-RAY=64c3ca6f1e79103f-MRS
Content-Encoding=gzip
alt-svc=h3-27=&quot;:443&quot;; ma=86400, h3-28=&quot;:443&quot;; ma=86400, h3-29=&quot;:443&quot;; ma=86400
" type="java.lang.AssertionError">
      <![CDATA[java.lang.AssertionError: 3 expectations failed.
Expected header "x-powered-by:" was not "Express", was "null". Headers are:
Date=Sat, 08 May 2021 15:41:10 GMT
Content-Type=application/json; charset=utf-8
Transfer-Encoding=chunked
Connection=keep-alive
Set-Cookie=__cfduid=dd87f9388aed5605ea0aea9b34cc280291620488470; expires=Mon, 07-Jun-21 15:41:10 GMT; path=/; domain=.reqres.in; HttpOnly; SameSite=Lax; Secure
x-powered-by=Express
access-control-allow-origin=*
etag=W/"3e4-2RLXvr5wTg9YQ6aH95CkYoFNuO8"
via=1.1 vegur
Cache-Control=max-age=14400
CF-Cache-Status=HIT
Age=2003
cf-request-id=09ee3cd9740000103ff232f000000001
Expect-CT=max-age=604800, report-uri="https://report-uri.cloudflare.com/cdn-cgi/beacon/expect-ct"
Report-To={"endpoints":[{"url":"https:\/\/a.nel.cloudflare.com\/report?s=aKJbSTg%2FtONTTNnGhRM7HiXK4%2F9%2BOVy9wAbSHeokPYL19GgVvLUqBSOkVpDTjK%2FoNiNH7vB%2B4DCv816yzNXZ3ZEbKaGi%2F4rnr3Q%3D"}],"group":"cf-nel","max_age":604800}
NEL={"report_to":"cf-nel","max_age":604800}
Vary=Accept-Encoding
Server=cloudflare
CF-RAY=64c3ca6f1e79103f-MRS
Content-Encoding=gzip
alt-svc=h3-27=":443"; ma=86400, h3-28=":443"; ma=86400, h3-29=":443"; ma=86400

Expected header "Age" was not "235", was "2003". Headers are:
Date=Sat, 08 May 2021 15:41:10 GMT
Content-Type=application/json; charset=utf-8
Transfer-Encoding=chunked
Connection=keep-alive
Set-Cookie=__cfduid=dd87f9388aed5605ea0aea9b34cc280291620488470; expires=Mon, 07-Jun-21 15:41:10 GMT; path=/; domain=.reqres.in; HttpOnly; SameSite=Lax; Secure
x-powered-by=Express
access-control-allow-origin=*
etag=W/"3e4-2RLXvr5wTg9YQ6aH95CkYoFNuO8"
via=1.1 vegur
Cache-Control=max-age=14400
CF-Cache-Status=HIT
Age=2003
cf-request-id=09ee3cd9740000103ff232f000000001
Expect-CT=max-age=604800, report-uri="https://report-uri.cloudflare.com/cdn-cgi/beacon/expect-ct"
Report-To={"endpoints":[{"url":"https:\/\/a.nel.cloudflare.com\/report?s=aKJbSTg%2FtONTTNnGhRM7HiXK4%2F9%2BOVy9wAbSHeokPYL19GgVvLUqBSOkVpDTjK%2FoNiNH7vB%2B4DCv816yzNXZ3ZEbKaGi%2F4rnr3Q%3D"}],"group":"cf-nel","max_age":604800}
NEL={"report_to":"cf-nel","max_age":604800}
Vary=Accept-Encoding
Server=cloudflare
CF-RAY=64c3ca6f1e79103f-MRS
Content-Encoding=gzip
alt-svc=h3-27=":443"; ma=86400, h3-28=":443"; ma=86400, h3-29=":443"; ma=86400

Expected header "CF-RAY" was not "64c39f42ab550fd6-MRS", was "64c3ca6f1e79103f-MRS". Headers are:
Date=Sat, 08 May 2021 15:41:10 GMT
Content-Type=application/json; charset=utf-8
Transfer-Encoding=chunked
Connection=keep-alive
Set-Cookie=__cfduid=dd87f9388aed5605ea0aea9b34cc280291620488470; expires=Mon, 07-Jun-21 15:41:10 GMT; path=/; domain=.reqres.in; HttpOnly; SameSite=Lax; Secure
x-powered-by=Express
access-control-allow-origin=*
etag=W/"3e4-2RLXvr5wTg9YQ6aH95CkYoFNuO8"
via=1.1 vegur
Cache-Control=max-age=14400
CF-Cache-Status=HIT
Age=2003
cf-request-id=09ee3cd9740000103ff232f000000001
Expect-CT=max-age=604800, report-uri="https://report-uri.cloudflare.com/cdn-cgi/beacon/expect-ct"
Report-To={"endpoints":[{"url":"https:\/\/a.nel.cloudflare.com\/report?s=aKJbSTg%2FtONTTNnGhRM7HiXK4%2F9%2BOVy9wAbSHeokPYL19GgVvLUqBSOkVpDTjK%2FoNiNH7vB%2B4DCv816yzNXZ3ZEbKaGi%2F4rnr3Q%3D"}],"group":"cf-nel","max_age":604800}
NEL={"report_to":"cf-nel","max_age":604800}
Vary=Accept-Encoding
Server=cloudflare
CF-RAY=64c3ca6f1e79103f-MRS
Content-Encoding=gzip
alt-svc=h3-27=":443"; ma=86400, h3-28=":443"; ma=86400, h3-29=":443"; ma=86400

at java.base/jdk.internal.reflect.NativeConstructorAccessorImpl.newInstance0(Native Method)
at java.base/jdk.internal.reflect.NativeConstructorAccessorImpl.newInstance(NativeConstructorAccessorImpl.java:62)
at java.base/jdk.internal.reflect.DelegatingConstructorAccessorImpl.newInstance(DelegatingConstructorAccessorImpl.java:45)
at java.base/java.lang.reflect.Constructor.newInstanceWithCaller(Constructor.java:500)
at java.base/java.lang.reflect.Constructor.newInstance(Constructor.java:481)
at org.codehaus.groovy.reflection.CachedConstructor.invoke(CachedConstructor.java:72)
at org.codehaus.groovy.reflection.CachedConstructor.doConstructorInvoke(CachedConstructor.java:59)
at org.codehaus.groovy.runtime.callsite.ConstructorSite$ConstructorSiteNoUnwrap.callConstructor(ConstructorSite.java:84)
at org.codehaus.groovy.runtime.callsite.CallSiteArray.defaultCallConstructor(CallSiteArray.java:59)
at org.codehaus.groovy.runtime.callsite.AbstractCallSite.callConstructor(AbstractCallSite.java:263)
at org.codehaus.groovy.runtime.callsite.AbstractCallSite.callConstructor(AbstractCallSite.java:277)
at io.restassured.internal.ResponseSpecificationImpl$HamcrestAssertionClosure.validate(ResponseSpecificationImpl.groovy:493)
at io.restassured.internal.ResponseSpecificationImpl$HamcrestAssertionClosure$validate$1.call(Unknown Source)
at io.restassured.internal.ResponseSpecificationImpl.validateResponseIfRequired(ResponseSpecificationImpl.groovy:674)
at java.base/jdk.internal.reflect.NativeMethodAccessorImpl.invoke0(Native Method)
at java.base/jdk.internal.reflect.NativeMethodAccessorImpl.invoke(NativeMethodAccessorImpl.java:62)
at java.base/jdk.internal.reflect.DelegatingMethodAccessorImpl.invoke(DelegatingMethodAccessorImpl.java:43)
at java.base/java.lang.reflect.Method.invoke(Method.java:564)
at org.codehaus.groovy.runtime.callsite.PlainObjectMetaMethodSite.doInvoke(PlainObjectMetaMethodSite.java:43)
at org.codehaus.groovy.runtime.callsite.PogoMetaMethodSite$PogoCachedMethodSiteNoUnwrapNoCoerce.invoke(PogoMetaMethodSite.java:193)
at org.codehaus.groovy.runtime.callsite.PogoMetaMethodSite.callCurrent(PogoMetaMethodSite.java:61)
at org.codehaus.groovy.runtime.callsite.AbstractCallSite.callCurrent(AbstractCallSite.java:185)
at io.restassured.internal.ResponseSpecificationImpl.headers(ResponseSpecificationImpl.groovy:147)
at io.restassured.specification.ResponseSpecification$headers$0.callCurrent(Unknown Source)
at io.restassured.internal.ResponseSpecificationImpl.headers(ResponseSpecificationImpl.groovy:164)
at io.restassured.internal.ValidatableResponseOptionsImpl.headers(ValidatableResponseOptionsImpl.java:109)
at io.restassured.internal.ValidatableResponseImpl.super$2$headers(ValidatableResponseImpl.groovy)
at java.base/jdk.internal.reflect.NativeMethodAccessorImpl.invoke0(Native Method)
at java.base/jdk.internal.reflect.NativeMethodAccessorImpl.invoke(NativeMethodAccessorImpl.java:62)
at java.base/jdk.internal.reflect.DelegatingMethodAccessorImpl.invoke(DelegatingMethodAccessorImpl.java:43)
at java.base/java.lang.reflect.Method.invoke(Method.java:564)
at org.codehaus.groovy.reflection.CachedMethod.invoke(CachedMethod.java:107)
at groovy.lang.MetaMethod.doMethodInvoke(MetaMethod.java:323)
at groovy.lang.MetaClassImpl.invokeMethod(MetaClassImpl.java:1267)
at org.codehaus.groovy.runtime.ScriptBytecodeAdapter.invokeMethodOnSuperN(ScriptBytecodeAdapter.java:144)
at io.restassured.internal.ValidatableResponseImpl.headers(ValidatableResponseImpl.groovy:166)
at io.restassured.internal.ValidatableResponseImpl.headers(ValidatableResponseImpl.groovy)
at DemoFile.SoftAssertingHeaders(DemoFile.java:43)
at java.base/jdk.internal.reflect.NativeMethodAccessorImpl.invoke0(Native Method)
at java.base/jdk.internal.reflect.NativeMethodAccessorImpl.invoke(NativeMethodAccessorImpl.java:62)
at java.base/jdk.internal.reflect.DelegatingMethodAccessorImpl.invoke(DelegatingMethodAccessorImpl.java:43)
at java.base/java.lang.reflect.Method.invoke(Method.java:564)
at org.testng.internal.MethodInvocationHelper.invokeMethod(MethodInvocationHelper.java:132)
at org.testng.internal.TestInvoker.invokeMethod(TestInvoker.java:599)
at org.testng.internal.TestInvoker.invokeTestMethod(TestInvoker.java:174)
at org.testng.internal.MethodRunner.runInSequence(MethodRunner.java:46)
at org.testng.internal.TestInvoker$MethodInvocationAgent.invoke(TestInvoker.java:822)
at org.testng.internal.TestInvoker.invokeTestMethods(TestInvoker.java:147)
at org.testng.internal.TestMethodWorker.invokeTestMethods(TestMethodWorker.java:146)
at org.testng.internal.TestMethodWorker.run(TestMethodWorker.java:128)
at java.base/java.util.ArrayList.forEach(ArrayList.java:1511)
at org.testng.TestRunner.privateRun(TestRunner.java:764)
at org.testng.TestRunner.run(TestRunner.java:585)
at org.testng.SuiteRunner.runTest(SuiteRunner.java:384)
at org.testng.SuiteRunner.runSequentially(SuiteRunner.java:378)
at org.testng.SuiteRunner.privateRun(SuiteRunner.java:337)
at org.testng.SuiteRunner.run(SuiteRunner.java:286)
at org.testng.SuiteRunnerWorker.runSuite(SuiteRunnerWorker.java:53)
at org.testng.SuiteRunnerWorker.run(SuiteRunnerWorker.java:96)
at org.testng.TestNG.runSuitesSequentially(TestNG.java:1218)
at org.testng.TestNG.runSuitesLocally(TestNG.java:1140)
at org.testng.TestNG.runSuites(TestNG.java:1069)
at org.testng.TestNG.run(TestNG.java:1037)
at org.testng.remote.AbstractRemoteTestNG.run(AbstractRemoteTestNG.java:115)
at org.testng.remote.RemoteTestNG.initAndRun(RemoteTestNG.java:251)
at org.testng.remote.RemoteTestNG.main(RemoteTestNG.java:77)
]]>
    </failure>
  </testcase> <!-- SoftAssertingHeaders -->
  <system-out/>
  <testcase classname="DemoFile" name="AssertingHeaders" time="3.577"/>
  <system-out/>
</testsuite> <!-- DemoFile -->
