<?xml version="1.0" encoding="UTF-8"?>
<!-- Generated by org.testng.reporters.JUnitReportReporter -->
<testsuite hostname="kusuma-Inspiron-3576" failures="0" tests="1" name="postAssertions.PostAssert" time="2.591" errors="0" timestamp="2021-05-09T12:58:35 IST" skipped="0">
  <testcase classname="postAssertions.PostAssert" name="test" time="2.591"/>
  <system-out/>
</testsuite> <!-- postAssertions.PostAssert -->
